2020-02-17 14:39:46,866 [Worker-3: Loading available Gradle versions] INFO  o.e.b.c.i.u.g.PublishedGradleVersions - Gradle version information cache is up-to-date. Trying to read.
2020-02-17 14:41:17,407 [Worker-23: Creating maven-archetype-quickstart] INFO  o.e.m.c.i.p.ProjectConfigurationManager - Collecting project info '/pom.xml' D:\epam1\cleancode\simple and compound interest\cleancode.simpleandcompoundinterest\pom.xml
2020-02-17 14:41:23,005 [Worker-23: Creating maven-archetype-quickstart] INFO  o.e.m.c.i.l.LifecycleMappingFactory - Using org.eclipse.m2e.jdt.JarLifecycleMapping lifecycle mapping for MavenProject: com.test:cleancode.simpleandcompoundinterest:0.0.1-SNAPSHOT @ D:\epam1\cleancode\simple and compound interest\cleancode.simpleandcompoundinterest\pom.xml.
2020-02-17 14:41:24,325 [Worker-23: Creating maven-archetype-quickstart] INFO  o.e.m.j.i.AbstractJavaProjectConfigurator - Adding source folder /cleancode.simpleandcompoundinterest/src/main/java
2020-02-17 14:41:24,338 [Worker-23: Creating maven-archetype-quickstart] INFO  o.e.m.j.i.AbstractJavaProjectConfigurator - Adding source folder /cleancode.simpleandcompoundinterest/src/test/java
2020-02-17 14:41:25,981 [Worker-23: Creating maven-archetype-quickstart] INFO  o.e.m.c.i.p.ProjectConfigurationManager - Imported and configured 1 project(s) in 8 sec
2020-02-17 14:41:26,880 [Worker-11: Building] INFO  o.e.m.c.i.embedder.EclipseLogger - Using 'UTF-8' encoding to copy filtered resources.
2020-02-17 14:41:26,880 [Worker-11: Building] INFO  o.e.m.c.i.embedder.EclipseLogger - skip non existing resourceDirectory D:\epam1\cleancode\simple and compound interest\cleancode.simpleandcompoundinterest\src\main\resources
2020-02-17 14:41:26,884 [Worker-11: Building] INFO  o.e.m.c.i.embedder.EclipseLogger - Using 'UTF-8' encoding to copy filtered resources.
2020-02-17 14:41:26,884 [Worker-11: Building] INFO  o.e.m.c.i.embedder.EclipseLogger - skip non existing resourceDirectory D:\epam1\cleancode\simple and compound interest\cleancode.simpleandcompoundinterest\src\test\resources
2020-02-17 14:41:37,070 [Worker-1: Building] INFO  o.e.m.c.i.embedder.EclipseLogger - Using 'UTF-8' encoding to copy filtered resources.
2020-02-17 14:41:37,070 [Worker-1: Building] INFO  o.e.m.c.i.embedder.EclipseLogger - skip non existing resourceDirectory D:\epam1\cleancode\simple and compound interest\cleancode.simpleandcompoundinterest\src\main\resources
2020-02-17 14:41:37,072 [Worker-1: Building] INFO  o.e.m.c.i.embedder.EclipseLogger - Using 'UTF-8' encoding to copy filtered resources.
2020-02-17 14:41:37,072 [Worker-1: Building] INFO  o.e.m.c.i.embedder.EclipseLogger - skip non existing resourceDirectory D:\epam1\cleancode\simple and compound interest\cleancode.simpleandcompoundinterest\src\test\resources
2020-02-17 15:05:15,473 [Worker-0: Building] INFO  o.e.m.c.i.embedder.EclipseLogger - Using 'UTF-8' encoding to copy filtered resources.
2020-02-17 15:05:15,473 [Worker-0: Building] INFO  o.e.m.c.i.embedder.EclipseLogger - skip non existing resourceDirectory D:\epam1\cleancode\simple and compound interest\cleancode.simpleandcompoundinterest\src\main\resources
2020-02-17 15:05:15,475 [Worker-0: Building] INFO  o.e.m.c.i.embedder.EclipseLogger - Using 'UTF-8' encoding to copy filtered resources.
2020-02-17 15:05:15,475 [Worker-0: Building] INFO  o.e.m.c.i.embedder.EclipseLogger - skip non existing resourceDirectory D:\epam1\cleancode\simple and compound interest\cleancode.simpleandcompoundinterest\src\test\resources
2020-02-17 15:13:08,650 [Worker-2: Building] INFO  o.e.m.c.i.embedder.EclipseLogger - Using 'UTF-8' encoding to copy filtered resources.
2020-02-17 15:13:08,651 [Worker-2: Building] INFO  o.e.m.c.i.embedder.EclipseLogger - skip non existing resourceDirectory D:\epam1\cleancode\simple and compound interest\cleancode.simpleandcompoundinterest\src\main\resources
2020-02-17 15:13:08,655 [Worker-2: Building] INFO  o.e.m.c.i.embedder.EclipseLogger - Using 'UTF-8' encoding to copy filtered resources.
2020-02-17 15:13:08,656 [Worker-2: Building] INFO  o.e.m.c.i.embedder.EclipseLogger - skip non existing resourceDirectory D:\epam1\cleancode\simple and compound interest\cleancode.simpleandcompoundinterest\src\test\resources
2020-02-17 15:15:18,525 [Worker-2: Building] INFO  o.e.m.c.i.embedder.EclipseLogger - Using 'UTF-8' encoding to copy filtered resources.
2020-02-17 15:15:18,525 [Worker-2: Building] INFO  o.e.m.c.i.embedder.EclipseLogger - skip non existing resourceDirectory D:\epam1\cleancode\simple and compound interest\cleancode.simpleandcompoundinterest\src\main\resources
2020-02-17 15:15:18,527 [Worker-2: Building] INFO  o.e.m.c.i.embedder.EclipseLogger - Using 'UTF-8' encoding to copy filtered resources.
2020-02-17 15:15:18,527 [Worker-2: Building] INFO  o.e.m.c.i.embedder.EclipseLogger - skip non existing resourceDirectory D:\epam1\cleancode\simple and compound interest\cleancode.simpleandcompoundinterest\src\test\resources
2020-02-17 15:15:21,583 [Worker-24: Building] INFO  o.e.m.c.i.embedder.EclipseLogger - Using 'UTF-8' encoding to copy filtered resources.
2020-02-17 15:15:21,584 [Worker-24: Building] INFO  o.e.m.c.i.embedder.EclipseLogger - skip non existing resourceDirectory D:\epam1\cleancode\simple and compound interest\cleancode.simpleandcompoundinterest\src\main\resources
2020-02-17 15:15:21,586 [Worker-24: Building] INFO  o.e.m.c.i.embedder.EclipseLogger - Using 'UTF-8' encoding to copy filtered resources.
2020-02-17 15:15:21,587 [Worker-24: Building] INFO  o.e.m.c.i.embedder.EclipseLogger - skip non existing resourceDirectory D:\epam1\cleancode\simple and compound interest\cleancode.simpleandcompoundinterest\src\test\resources
2020-02-17 15:17:23,532 [Worker-24: Building] INFO  o.e.m.c.i.embedder.EclipseLogger - Using 'UTF-8' encoding to copy filtered resources.
2020-02-17 15:17:23,532 [Worker-24: Building] INFO  o.e.m.c.i.embedder.EclipseLogger - skip non existing resourceDirectory D:\epam1\cleancode\simple and compound interest\cleancode.simpleandcompoundinterest\src\main\resources
2020-02-17 15:17:23,535 [Worker-24: Building] INFO  o.e.m.c.i.embedder.EclipseLogger - Using 'UTF-8' encoding to copy filtered resources.
2020-02-17 15:17:23,536 [Worker-24: Building] INFO  o.e.m.c.i.embedder.EclipseLogger - skip non existing resourceDirectory D:\epam1\cleancode\simple and compound interest\cleancode.simpleandcompoundinterest\src\test\resources
2020-02-17 15:17:48,537 [Worker-2: Building] INFO  o.e.m.c.i.embedder.EclipseLogger - Using 'UTF-8' encoding to copy filtered resources.
2020-02-17 15:17:48,537 [Worker-2: Building] INFO  o.e.m.c.i.embedder.EclipseLogger - skip non existing resourceDirectory D:\epam1\cleancode\simple and compound interest\cleancode.simpleandcompoundinterest\src\main\resources
2020-02-17 15:17:48,540 [Worker-2: Building] INFO  o.e.m.c.i.embedder.EclipseLogger - Using 'UTF-8' encoding to copy filtered resources.
2020-02-17 15:17:48,540 [Worker-2: Building] INFO  o.e.m.c.i.embedder.EclipseLogger - skip non existing resourceDirectory D:\epam1\cleancode\simple and compound interest\cleancode.simpleandcompoundinterest\src\test\resources
2020-02-17 15:22:20,671 [Worker-26: Launching App] INFO  o.e.m.c.i.embedder.EclipseLogger - Using 'UTF-8' encoding to copy filtered resources.
2020-02-17 15:22:20,672 [Worker-26: Launching App] INFO  o.e.m.c.i.embedder.EclipseLogger - skip non existing resourceDirectory D:\epam1\cleancode\simple and compound interest\cleancode.simpleandcompoundinterest\src\main\resources
2020-02-17 15:22:20,674 [Worker-26: Launching App] INFO  o.e.m.c.i.embedder.EclipseLogger - Using 'UTF-8' encoding to copy filtered resources.
2020-02-17 15:22:20,674 [Worker-26: Launching App] INFO  o.e.m.c.i.embedder.EclipseLogger - skip non existing resourceDirectory D:\epam1\cleancode\simple and compound interest\cleancode.simpleandcompoundinterest\src\test\resources
2020-02-17 15:23:21,723 [Worker-2: Building] INFO  o.e.m.c.i.embedder.EclipseLogger - Using 'UTF-8' encoding to copy filtered resources.
2020-02-17 15:23:21,724 [Worker-2: Building] INFO  o.e.m.c.i.embedder.EclipseLogger - skip non existing resourceDirectory D:\epam1\cleancode\simple and compound interest\cleancode.simpleandcompoundinterest\src\main\resources
2020-02-17 15:23:21,727 [Worker-2: Building] INFO  o.e.m.c.i.embedder.EclipseLogger - Using 'UTF-8' encoding to copy filtered resources.
2020-02-17 15:23:21,728 [Worker-2: Building] INFO  o.e.m.c.i.embedder.EclipseLogger - skip non existing resourceDirectory D:\epam1\cleancode\simple and compound interest\cleancode.simpleandcompoundinterest\src\test\resources
2020-02-17 15:23:43,708 [Worker-24: Launching App] INFO  o.e.m.c.i.embedder.EclipseLogger - Using 'UTF-8' encoding to copy filtered resources.
2020-02-17 15:23:43,709 [Worker-24: Launching App] INFO  o.e.m.c.i.embedder.EclipseLogger - skip non existing resourceDirectory D:\epam1\cleancode\simple and compound interest\cleancode.simpleandcompoundinterest\src\main\resources
2020-02-17 15:23:43,713 [Worker-24: Launching App] INFO  o.e.m.c.i.embedder.EclipseLogger - Using 'UTF-8' encoding to copy filtered resources.
2020-02-17 15:23:43,714 [Worker-24: Launching App] INFO  o.e.m.c.i.embedder.EclipseLogger - skip non existing resourceDirectory D:\epam1\cleancode\simple and compound interest\cleancode.simpleandcompoundinterest\src\test\resources
